  [1m[36m (1.2ms)[0m  [1mCREATE TABLE "schema_migrations" ("version" varchar NOT NULL) [0m
  [1m[35m (0.0ms)[0m  select sqlite_version(*)
  [1m[36m (1.0ms)[0m  [1mCREATE UNIQUE INDEX "unique_schema_migrations" ON "schema_migrations" ("version")[0m
  [1m[35mActiveRecord::SchemaMigration Load (0.1ms)[0m  SELECT "schema_migrations".* FROM "schema_migrations"
  [1m[36mActiveRecord::SchemaMigration Load (0.1ms)[0m  [1mSELECT "schema_migrations".* FROM "schema_migrations"[0m
Migrating to CreatePosts (20151230232412)
  [1m[35m (0.1ms)[0m  begin transaction
  [1m[36m (0.4ms)[0m  [1mCREATE TABLE "posts" ("id" INTEGER PRIMARY KEY AUTOINCREMENT NOT NULL, "title" varchar, "description" text, "created_at" datetime NOT NULL, "updated_at" datetime NOT NULL) [0m
  [1m[35mSQL (0.2ms)[0m  INSERT INTO "schema_migrations" ("version") VALUES (?)  [["version", "20151230232412"]]
  [1m[36m (1.3ms)[0m  [1mcommit transaction[0m
  [1m[35mActiveRecord::SchemaMigration Load (0.1ms)[0m  SELECT "schema_migrations".* FROM "schema_migrations"


Started GET "/posts/new" for ::1 at 2015-12-31 13:44:56 -0600
  [1m[36mActiveRecord::SchemaMigration Load (0.1ms)[0m  [1mSELECT "schema_migrations".* FROM "schema_migrations"[0m
Processing by PostsController#new as HTML
  Rendered posts/new.html.erb within layouts/application (2.1ms)
Completed 200 OK in 347ms (Views: 326.8ms | ActiveRecord: 0.2ms)


Started GET "/assets/application.self-e80e8f2318043e8af94dddc2adad5a4f09739a8ebb323b3ab31cd71d45fd9113.css?body=1" for ::1 at 2015-12-31 13:44:57 -0600


Started GET "/assets/application.self-3b8dabdc891efe46b9a144b400ad69e37d7e5876bdc39dee783419a69d7ca819.js?body=1" for ::1 at 2015-12-31 13:44:57 -0600


Started POST "/posts" for ::1 at 2015-12-31 13:45:03 -0600
Processing by PostsController#create as HTML
  Parameters: {"utf8"=>"✓", "authenticity_token"=>"mFCuNJP5reOW19phdr4zXRLzOMo4NZQ3wneiVR+RO/+owIoDiOxh24iHKkZ7DGazxbSIoRmvIOmJgA4gog1sGg==", "title"=>"Rails Introduction Quiz", "description"=>"asdfasdf", "commit"=>"Submit Post"}
  [1m[35m (0.1ms)[0m  begin transaction
  [1m[36mSQL (0.4ms)[0m  [1mINSERT INTO "posts" ("title", "description", "created_at", "updated_at") VALUES (?, ?, ?, ?)[0m  [["title", "Rails Introduction Quiz"], ["description", "asdfasdf"], ["created_at", "2015-12-31 19:45:03.614973"], ["updated_at", "2015-12-31 19:45:03.614973"]]
  [1m[35m (1.2ms)[0m  commit transaction
Redirected to http://localhost:3000/posts/1
Completed 302 Found in 22ms (ActiveRecord: 1.7ms)


Started GET "/posts/1" for ::1 at 2015-12-31 13:45:03 -0600
Processing by PostsController#show as HTML
  Parameters: {"id"=>"1"}
  [1m[36mPost Load (0.2ms)[0m  [1mSELECT  "posts".* FROM "posts" WHERE "posts"."id" = ? LIMIT 1[0m  [["id", 1]]
  Rendered posts/show.html.erb within layouts/application (0.4ms)
Completed 200 OK in 27ms (Views: 10.4ms | ActiveRecord: 0.2ms)


Started GET "/posts/new" for ::1 at 2015-12-31 14:31:23 -0600
  [1m[36mActiveRecord::SchemaMigration Load (0.1ms)[0m  [1mSELECT "schema_migrations".* FROM "schema_migrations"[0m
Processing by PostsController#new as HTML
  Rendered posts/new.html.erb within layouts/application (2.6ms)
Completed 200 OK in 267ms (Views: 254.6ms | ActiveRecord: 0.2ms)


Started GET "/assets/application.self-e80e8f2318043e8af94dddc2adad5a4f09739a8ebb323b3ab31cd71d45fd9113.css?body=1" for ::1 at 2015-12-31 14:31:24 -0600


Started GET "/assets/application.self-3b8dabdc891efe46b9a144b400ad69e37d7e5876bdc39dee783419a69d7ca819.js?body=1" for ::1 at 2015-12-31 14:31:24 -0600


Started GET "/assets/turbolinks.self-c37727e9bd6b2735da5c311aa83fead54ed0be6cc8bd9a65309e9c5abe2cbfff.js?body=1" for ::1 at 2015-12-31 14:31:24 -0600


Started GET "/assets/jquery.self-a714331225dda820228db323939889f149aec0127aeb06255646b616ba1ca419.js?body=1" for ::1 at 2015-12-31 14:31:24 -0600


Started GET "/assets/jquery_ujs.self-d456baa54c1fa6be2ec3711f0a72ddf7a5b2f34a6b4f515f33767d6207b7d4b3.js?body=1" for ::1 at 2015-12-31 14:31:24 -0600


Started POST "/posts" for ::1 at 2015-12-31 14:31:32 -0600

AbstractController::ActionNotFound (The action 'create' could not be found for PostsController):
  actionpack (4.2.5) lib/abstract_controller/base.rb:132:in `process'
  actionview (4.2.5) lib/action_view/rendering.rb:30:in `process'
  actionpack (4.2.5) lib/action_controller/metal.rb:196:in `dispatch'
  actionpack (4.2.5) lib/action_controller/metal/rack_delegation.rb:13:in `dispatch'
  actionpack (4.2.5) lib/action_controller/metal.rb:237:in `block in action'
  actionpack (4.2.5) lib/action_dispatch/routing/route_set.rb:76:in `call'
  actionpack (4.2.5) lib/action_dispatch/routing/route_set.rb:76:in `dispatch'
  actionpack (4.2.5) lib/action_dispatch/routing/route_set.rb:45:in `serve'
  actionpack (4.2.5) lib/action_dispatch/journey/router.rb:43:in `block in serve'
  actionpack (4.2.5) lib/action_dispatch/journey/router.rb:30:in `each'
  actionpack (4.2.5) lib/action_dispatch/journey/router.rb:30:in `serve'
  actionpack (4.2.5) lib/action_dispatch/routing/route_set.rb:817:in `call'
  rack (1.6.4) lib/rack/etag.rb:24:in `call'
  rack (1.6.4) lib/rack/conditionalget.rb:38:in `call'
  rack (1.6.4) lib/rack/head.rb:13:in `call'
  actionpack (4.2.5) lib/action_dispatch/middleware/params_parser.rb:27:in `call'
  actionpack (4.2.5) lib/action_dispatch/middleware/flash.rb:260:in `call'
  rack (1.6.4) lib/rack/session/abstract/id.rb:225:in `context'
  rack (1.6.4) lib/rack/session/abstract/id.rb:220:in `call'
  actionpack (4.2.5) lib/action_dispatch/middleware/cookies.rb:560:in `call'
  activerecord (4.2.5) lib/active_record/query_cache.rb:36:in `call'
  activerecord (4.2.5) lib/active_record/connection_adapters/abstract/connection_pool.rb:653:in `call'
  activerecord (4.2.5) lib/active_record/migration.rb:377:in `call'
  actionpack (4.2.5) lib/action_dispatch/middleware/callbacks.rb:29:in `block in call'
  activesupport (4.2.5) lib/active_support/callbacks.rb:88:in `__run_callbacks__'
  activesupport (4.2.5) lib/active_support/callbacks.rb:778:in `_run_call_callbacks'
  activesupport (4.2.5) lib/active_support/callbacks.rb:81:in `run_callbacks'
  actionpack (4.2.5) lib/action_dispatch/middleware/callbacks.rb:27:in `call'
  actionpack (4.2.5) lib/action_dispatch/middleware/reloader.rb:73:in `call'
  actionpack (4.2.5) lib/action_dispatch/middleware/remote_ip.rb:78:in `call'
  actionpack (4.2.5) lib/action_dispatch/middleware/debug_exceptions.rb:17:in `call'
  web-console (2.2.1) lib/web_console/middleware.rb:39:in `call'
  actionpack (4.2.5) lib/action_dispatch/middleware/show_exceptions.rb:30:in `call'
  railties (4.2.5) lib/rails/rack/logger.rb:38:in `call_app'
  railties (4.2.5) lib/rails/rack/logger.rb:20:in `block in call'
  activesupport (4.2.5) lib/active_support/tagged_logging.rb:68:in `block in tagged'
  activesupport (4.2.5) lib/active_support/tagged_logging.rb:26:in `tagged'
  activesupport (4.2.5) lib/active_support/tagged_logging.rb:68:in `tagged'
  railties (4.2.5) lib/rails/rack/logger.rb:20:in `call'
  actionpack (4.2.5) lib/action_dispatch/middleware/request_id.rb:21:in `call'
  rack (1.6.4) lib/rack/methodoverride.rb:22:in `call'
  rack (1.6.4) lib/rack/runtime.rb:18:in `call'
  activesupport (4.2.5) lib/active_support/cache/strategy/local_cache_middleware.rb:28:in `call'
  rack (1.6.4) lib/rack/lock.rb:17:in `call'
  actionpack (4.2.5) lib/action_dispatch/middleware/static.rb:116:in `call'
  rack (1.6.4) lib/rack/sendfile.rb:113:in `call'
  railties (4.2.5) lib/rails/engine.rb:518:in `call'
  railties (4.2.5) lib/rails/application.rb:165:in `call'
  rack (1.6.4) lib/rack/lock.rb:17:in `call'
  rack (1.6.4) lib/rack/content_length.rb:15:in `call'
  rack (1.6.4) lib/rack/handler/webrick.rb:88:in `service'
  /Users/admin/.rvm/rubies/ruby-2.1.2/lib/ruby/2.1.0/webrick/httpserver.rb:138:in `service'
  /Users/admin/.rvm/rubies/ruby-2.1.2/lib/ruby/2.1.0/webrick/httpserver.rb:94:in `run'
  /Users/admin/.rvm/rubies/ruby-2.1.2/lib/ruby/2.1.0/webrick/server.rb:295:in `block in start_thread'


  Rendered /Users/admin/.rvm/gems/ruby-2.1.2/gems/actionpack-4.2.5/lib/action_dispatch/middleware/templates/rescues/unknown_action.html.erb within rescues/layout (0.4ms)
  Rendered /Users/admin/.rvm/gems/ruby-2.1.2/gems/web-console-2.2.1/lib/web_console/templates/_markup.html.erb (0.4ms)
  Rendered /Users/admin/.rvm/gems/ruby-2.1.2/gems/web-console-2.2.1/lib/web_console/templates/_inner_console_markup.html.erb within layouts/inlined_string (0.3ms)
  Rendered /Users/admin/.rvm/gems/ruby-2.1.2/gems/web-console-2.2.1/lib/web_console/templates/_prompt_box_markup.html.erb within layouts/inlined_string (0.3ms)
  Rendered /Users/admin/.rvm/gems/ruby-2.1.2/gems/web-console-2.2.1/lib/web_console/templates/style.css.erb within layouts/inlined_string (0.3ms)
  Rendered /Users/admin/.rvm/gems/ruby-2.1.2/gems/web-console-2.2.1/lib/web_console/templates/console.js.erb within layouts/javascript (17.4ms)
  Rendered /Users/admin/.rvm/gems/ruby-2.1.2/gems/web-console-2.2.1/lib/web_console/templates/main.js.erb within layouts/javascript (0.2ms)
  Rendered /Users/admin/.rvm/gems/ruby-2.1.2/gems/web-console-2.2.1/lib/web_console/templates/error_page.js.erb within layouts/javascript (0.4ms)
  Rendered /Users/admin/.rvm/gems/ruby-2.1.2/gems/web-console-2.2.1/lib/web_console/templates/index.html.erb (65.6ms)


Started POST "/posts" for ::1 at 2015-12-31 14:32:14 -0600
Processing by PostsController#create as HTML
  Parameters: {"utf8"=>"✓", "authenticity_token"=>"GTWzPdffQr7qFdpGJzsV8r90QblAUswaHa6CxK8YGqsppZcKzMqOhvRFKmEqiUAcaDPx0mHIeMRWWS6xEoRNTg==", "title"=>"Rails Introduction Quiz", "description"=>"asdfasdf", "commit"=>"Submit Post"}
  [1m[35m (0.0ms)[0m  begin transaction
  [1m[36mSQL (0.4ms)[0m  [1mINSERT INTO "posts" ("title", "description", "created_at", "updated_at") VALUES (?, ?, ?, ?)[0m  [["title", "Rails Introduction Quiz"], ["description", "asdfasdf"], ["created_at", "2015-12-31 20:32:14.930141"], ["updated_at", "2015-12-31 20:32:14.930141"]]
  [1m[35m (1.2ms)[0m  commit transaction
Redirected to http://localhost:3000/posts/2
Completed 302 Found in 21ms (ActiveRecord: 2.0ms)


Started GET "/posts/2" for ::1 at 2015-12-31 14:32:14 -0600
Processing by PostsController#show as HTML
  Parameters: {"id"=>"2"}
  [1m[36mPost Load (0.2ms)[0m  [1mSELECT  "posts".* FROM "posts" WHERE "posts"."id" = ? LIMIT 1[0m  [["id", 2]]
  Rendered posts/show.html.erb within layouts/application (0.3ms)
Completed 200 OK in 67ms (Views: 42.8ms | ActiveRecord: 0.2ms)


Started GET "/assets/application.self-e80e8f2318043e8af94dddc2adad5a4f09739a8ebb323b3ab31cd71d45fd9113.css?body=1" for ::1 at 2015-12-31 14:32:15 -0600


Started GET "/assets/jquery.self-a714331225dda820228db323939889f149aec0127aeb06255646b616ba1ca419.js?body=1" for ::1 at 2015-12-31 14:32:15 -0600


Started GET "/assets/turbolinks.self-c37727e9bd6b2735da5c311aa83fead54ed0be6cc8bd9a65309e9c5abe2cbfff.js?body=1" for ::1 at 2015-12-31 14:32:15 -0600


Started GET "/assets/jquery_ujs.self-d456baa54c1fa6be2ec3711f0a72ddf7a5b2f34a6b4f515f33767d6207b7d4b3.js?body=1" for ::1 at 2015-12-31 14:32:15 -0600


Started GET "/assets/application.self-3b8dabdc891efe46b9a144b400ad69e37d7e5876bdc39dee783419a69d7ca819.js?body=1" for ::1 at 2015-12-31 14:32:15 -0600


Started GET "/posts/2/edit" for ::1 at 2015-12-31 14:32:20 -0600
Processing by PostsController#edit as HTML
  Parameters: {"id"=>"2"}
  [1m[35mPost Load (0.1ms)[0m  SELECT  "posts".* FROM "posts" WHERE "posts"."id" = ? LIMIT 1  [["id", 2]]
  Rendered posts/edit.html.erb within layouts/application (0.8ms)
Completed 200 OK in 10ms (Views: 8.7ms | ActiveRecord: 0.1ms)


Started GET "/posts/2/edit" for ::1 at 2015-12-31 14:32:34 -0600
Processing by PostsController#edit as HTML
  Parameters: {"id"=>"2"}
  [1m[36mPost Load (0.1ms)[0m  [1mSELECT  "posts".* FROM "posts" WHERE "posts"."id" = ? LIMIT 1[0m  [["id", 2]]
  Rendered posts/edit.html.erb within layouts/application (0.9ms)
Completed 200 OK in 9ms (Views: 8.4ms | ActiveRecord: 0.1ms)


Started GET "/assets/application.self-e80e8f2318043e8af94dddc2adad5a4f09739a8ebb323b3ab31cd71d45fd9113.css?body=1" for ::1 at 2015-12-31 14:32:34 -0600


Started GET "/assets/jquery_ujs.self-d456baa54c1fa6be2ec3711f0a72ddf7a5b2f34a6b4f515f33767d6207b7d4b3.js?body=1" for ::1 at 2015-12-31 14:32:34 -0600


Started GET "/assets/jquery.self-a714331225dda820228db323939889f149aec0127aeb06255646b616ba1ca419.js?body=1" for ::1 at 2015-12-31 14:32:34 -0600


Started GET "/assets/turbolinks.self-c37727e9bd6b2735da5c311aa83fead54ed0be6cc8bd9a65309e9c5abe2cbfff.js?body=1" for ::1 at 2015-12-31 14:32:34 -0600


Started GET "/assets/application.self-3b8dabdc891efe46b9a144b400ad69e37d7e5876bdc39dee783419a69d7ca819.js?body=1" for ::1 at 2015-12-31 14:32:34 -0600


Started PUT "/posts/2" for ::1 at 2015-12-31 14:32:56 -0600
Processing by PostsController#update as HTML
  Parameters: {"utf8"=>"✓", "authenticity_token"=>"7QXcTW2CFDgYckZkZRkzAMx/i4+Hb85YMXsFcKj/3mPdlfh6dpfYAAYitkNoq2buGzg75Kb1eoZ6jKkFFWOJhg==", "title"=>"Rails Introduction zzz", "description"=>"asdfasdf", "commit"=>"Submit Post", "id"=>"2"}
Completed 500 Internal Server Error in 1ms (ActiveRecord: 0.0ms)

RuntimeError ({"utf8"=>"✓", "_method"=>"put", "authenticity_token"=>"7QXcTW2CFDgYckZkZRkzAMx/i4+Hb85YMXsFcKj/3mPdlfh6dpfYAAYitkNoq2buGzg75Kb1eoZ6jKkFFWOJhg==", "title"=>"Rails Introduction zzz", "description"=>"asdfasdf", "commit"=>"Submit Post", "controller"=>"posts", "action"=>"update", "id"=>"2"}):
  app/controllers/posts_controller.rb:27:in `update'


  Rendered /Users/admin/.rvm/gems/ruby-2.1.2/gems/actionpack-4.2.5/lib/action_dispatch/middleware/templates/rescues/_source.erb (3.0ms)
  Rendered /Users/admin/.rvm/gems/ruby-2.1.2/gems/actionpack-4.2.5/lib/action_dispatch/middleware/templates/rescues/_trace.html.erb (1.5ms)
  Rendered /Users/admin/.rvm/gems/ruby-2.1.2/gems/actionpack-4.2.5/lib/action_dispatch/middleware/templates/rescues/_request_and_response.html.erb (0.9ms)
  Rendered /Users/admin/.rvm/gems/ruby-2.1.2/gems/actionpack-4.2.5/lib/action_dispatch/middleware/templates/rescues/diagnostics.html.erb within rescues/layout (21.7ms)
  Rendered /Users/admin/.rvm/gems/ruby-2.1.2/gems/web-console-2.2.1/lib/web_console/templates/_markup.html.erb (0.3ms)
  Rendered /Users/admin/.rvm/gems/ruby-2.1.2/gems/web-console-2.2.1/lib/web_console/templates/_inner_console_markup.html.erb within layouts/inlined_string (0.2ms)
  Rendered /Users/admin/.rvm/gems/ruby-2.1.2/gems/web-console-2.2.1/lib/web_console/templates/_prompt_box_markup.html.erb within layouts/inlined_string (0.2ms)
  Rendered /Users/admin/.rvm/gems/ruby-2.1.2/gems/web-console-2.2.1/lib/web_console/templates/style.css.erb within layouts/inlined_string (0.2ms)
  Rendered /Users/admin/.rvm/gems/ruby-2.1.2/gems/web-console-2.2.1/lib/web_console/templates/console.js.erb within layouts/javascript (9.5ms)
  Rendered /Users/admin/.rvm/gems/ruby-2.1.2/gems/web-console-2.2.1/lib/web_console/templates/main.js.erb within layouts/javascript (0.2ms)
  Rendered /Users/admin/.rvm/gems/ruby-2.1.2/gems/web-console-2.2.1/lib/web_console/templates/error_page.js.erb within layouts/javascript (0.3ms)
  Rendered /Users/admin/.rvm/gems/ruby-2.1.2/gems/web-console-2.2.1/lib/web_console/templates/index.html.erb (20.7ms)


Started PUT "/posts/2" for ::1 at 2015-12-31 14:35:35 -0600
Processing by PostsController#update as HTML
  Parameters: {"utf8"=>"✓", "authenticity_token"=>"7QXcTW2CFDgYckZkZRkzAMx/i4+Hb85YMXsFcKj/3mPdlfh6dpfYAAYitkNoq2buGzg75Kb1eoZ6jKkFFWOJhg==", "title"=>"Rails Introduction zzz", "description"=>"asdfasdf", "commit"=>"Submit Post", "id"=>"2"}
Completed 500 Internal Server Error in 1ms (ActiveRecord: 0.0ms)

RuntimeError ({"utf8"=>"✓", "_method"=>"put", "authenticity_token"=>"7QXcTW2CFDgYckZkZRkzAMx/i4+Hb85YMXsFcKj/3mPdlfh6dpfYAAYitkNoq2buGzg75Kb1eoZ6jKkFFWOJhg==", "title"=>"Rails Introduction zzz", "description"=>"asdfasdf", "commit"=>"Submit Post", "controller"=>"posts", "action"=>"update", "id"=>"2"}):
  app/controllers/posts_controller.rb:27:in `update'


  Rendered /Users/admin/.rvm/gems/ruby-2.1.2/gems/actionpack-4.2.5/lib/action_dispatch/middleware/templates/rescues/_source.erb (2.7ms)
  Rendered /Users/admin/.rvm/gems/ruby-2.1.2/gems/actionpack-4.2.5/lib/action_dispatch/middleware/templates/rescues/_trace.html.erb (1.4ms)
  Rendered /Users/admin/.rvm/gems/ruby-2.1.2/gems/actionpack-4.2.5/lib/action_dispatch/middleware/templates/rescues/_request_and_response.html.erb (0.6ms)
  Rendered /Users/admin/.rvm/gems/ruby-2.1.2/gems/actionpack-4.2.5/lib/action_dispatch/middleware/templates/rescues/diagnostics.html.erb within rescues/layout (12.9ms)
  Rendered /Users/admin/.rvm/gems/ruby-2.1.2/gems/web-console-2.2.1/lib/web_console/templates/_markup.html.erb (0.2ms)
  Rendered /Users/admin/.rvm/gems/ruby-2.1.2/gems/web-console-2.2.1/lib/web_console/templates/_inner_console_markup.html.erb within layouts/inlined_string (0.2ms)
  Rendered /Users/admin/.rvm/gems/ruby-2.1.2/gems/web-console-2.2.1/lib/web_console/templates/_prompt_box_markup.html.erb within layouts/inlined_string (0.2ms)
  Rendered /Users/admin/.rvm/gems/ruby-2.1.2/gems/web-console-2.2.1/lib/web_console/templates/style.css.erb within layouts/inlined_string (0.3ms)
  Rendered /Users/admin/.rvm/gems/ruby-2.1.2/gems/web-console-2.2.1/lib/web_console/templates/console.js.erb within layouts/javascript (20.5ms)
  Rendered /Users/admin/.rvm/gems/ruby-2.1.2/gems/web-console-2.2.1/lib/web_console/templates/main.js.erb within layouts/javascript (0.2ms)
  Rendered /Users/admin/.rvm/gems/ruby-2.1.2/gems/web-console-2.2.1/lib/web_console/templates/error_page.js.erb within layouts/javascript (0.3ms)
  Rendered /Users/admin/.rvm/gems/ruby-2.1.2/gems/web-console-2.2.1/lib/web_console/templates/index.html.erb (31.4ms)


Started GET "/posts/2/edit" for ::1 at 2015-12-31 14:35:37 -0600
Processing by PostsController#edit as HTML
  Parameters: {"id"=>"2"}
  [1m[35mPost Load (0.4ms)[0m  SELECT  "posts".* FROM "posts" WHERE "posts"."id" = ? LIMIT 1  [["id", 2]]
  Rendered posts/edit.html.erb within layouts/application (0.4ms)
Completed 200 OK in 42ms (Views: 40.7ms | ActiveRecord: 0.4ms)


Started GET "/assets/application.self-e80e8f2318043e8af94dddc2adad5a4f09739a8ebb323b3ab31cd71d45fd9113.css?body=1" for ::1 at 2015-12-31 14:35:37 -0600


Started GET "/assets/jquery_ujs.self-d456baa54c1fa6be2ec3711f0a72ddf7a5b2f34a6b4f515f33767d6207b7d4b3.js?body=1" for ::1 at 2015-12-31 14:35:37 -0600


Started GET "/assets/jquery.self-a714331225dda820228db323939889f149aec0127aeb06255646b616ba1ca419.js?body=1" for ::1 at 2015-12-31 14:35:38 -0600


Started GET "/assets/turbolinks.self-c37727e9bd6b2735da5c311aa83fead54ed0be6cc8bd9a65309e9c5abe2cbfff.js?body=1" for ::1 at 2015-12-31 14:35:38 -0600


Started GET "/assets/application.self-3b8dabdc891efe46b9a144b400ad69e37d7e5876bdc39dee783419a69d7ca819.js?body=1" for ::1 at 2015-12-31 14:35:38 -0600


Started PUT "/posts/2" for ::1 at 2015-12-31 14:35:41 -0600
Processing by PostsController#update as HTML
  Parameters: {"utf8"=>"✓", "authenticity_token"=>"BT7uoM0scLUKUuIX5X56bQAAfBSX8fgDogOPg3Vr0y41rsqX1jm8jRQCEjDozC+D10fMf7ZrTN3p9CP2yPeEyw==", "title"=>"Rails Introduction zzz", "description"=>"asdfasdf", "commit"=>"Submit Post", "id"=>"2"}
Completed 500 Internal Server Error in 1ms (ActiveRecord: 0.0ms)

RuntimeError ({"utf8"=>"✓", "_method"=>"put", "authenticity_token"=>"BT7uoM0scLUKUuIX5X56bQAAfBSX8fgDogOPg3Vr0y41rsqX1jm8jRQCEjDozC+D10fMf7ZrTN3p9CP2yPeEyw==", "title"=>"Rails Introduction zzz", "description"=>"asdfasdf", "commit"=>"Submit Post", "controller"=>"posts", "action"=>"update", "id"=>"2"}):
  app/controllers/posts_controller.rb:27:in `update'


  Rendered /Users/admin/.rvm/gems/ruby-2.1.2/gems/actionpack-4.2.5/lib/action_dispatch/middleware/templates/rescues/_source.erb (3.0ms)
  Rendered /Users/admin/.rvm/gems/ruby-2.1.2/gems/actionpack-4.2.5/lib/action_dispatch/middleware/templates/rescues/_trace.html.erb (1.4ms)
  Rendered /Users/admin/.rvm/gems/ruby-2.1.2/gems/actionpack-4.2.5/lib/action_dispatch/middleware/templates/rescues/_request_and_response.html.erb (0.7ms)
  Rendered /Users/admin/.rvm/gems/ruby-2.1.2/gems/actionpack-4.2.5/lib/action_dispatch/middleware/templates/rescues/diagnostics.html.erb within rescues/layout (12.9ms)
  Rendered /Users/admin/.rvm/gems/ruby-2.1.2/gems/web-console-2.2.1/lib/web_console/templates/_markup.html.erb (0.2ms)
  Rendered /Users/admin/.rvm/gems/ruby-2.1.2/gems/web-console-2.2.1/lib/web_console/templates/_inner_console_markup.html.erb within layouts/inlined_string (0.2ms)
  Rendered /Users/admin/.rvm/gems/ruby-2.1.2/gems/web-console-2.2.1/lib/web_console/templates/_prompt_box_markup.html.erb within layouts/inlined_string (0.2ms)
  Rendered /Users/admin/.rvm/gems/ruby-2.1.2/gems/web-console-2.2.1/lib/web_console/templates/style.css.erb within layouts/inlined_string (0.2ms)
  Rendered /Users/admin/.rvm/gems/ruby-2.1.2/gems/web-console-2.2.1/lib/web_console/templates/console.js.erb within layouts/javascript (10.6ms)
  Rendered /Users/admin/.rvm/gems/ruby-2.1.2/gems/web-console-2.2.1/lib/web_console/templates/main.js.erb within layouts/javascript (0.2ms)
  Rendered /Users/admin/.rvm/gems/ruby-2.1.2/gems/web-console-2.2.1/lib/web_console/templates/error_page.js.erb within layouts/javascript (0.2ms)
  Rendered /Users/admin/.rvm/gems/ruby-2.1.2/gems/web-console-2.2.1/lib/web_console/templates/index.html.erb (20.9ms)


Started GET "/posts/2/edit" for ::1 at 2015-12-31 14:36:06 -0600
Processing by PostsController#edit as HTML
  Parameters: {"id"=>"2"}
  [1m[36mPost Load (0.1ms)[0m  [1mSELECT  "posts".* FROM "posts" WHERE "posts"."id" = ? LIMIT 1[0m  [["id", 2]]
  Rendered posts/edit.html.erb within layouts/application (0.4ms)
Completed 200 OK in 13ms (Views: 8.0ms | ActiveRecord: 0.4ms)


Started GET "/assets/application.self-e80e8f2318043e8af94dddc2adad5a4f09739a8ebb323b3ab31cd71d45fd9113.css?body=1" for ::1 at 2015-12-31 14:36:06 -0600


Started GET "/assets/turbolinks.self-c37727e9bd6b2735da5c311aa83fead54ed0be6cc8bd9a65309e9c5abe2cbfff.js?body=1" for ::1 at 2015-12-31 14:36:06 -0600


Started GET "/assets/application.self-3b8dabdc891efe46b9a144b400ad69e37d7e5876bdc39dee783419a69d7ca819.js?body=1" for ::1 at 2015-12-31 14:36:06 -0600


Started GET "/assets/jquery.self-a714331225dda820228db323939889f149aec0127aeb06255646b616ba1ca419.js?body=1" for ::1 at 2015-12-31 14:36:06 -0600


Started GET "/assets/jquery_ujs.self-d456baa54c1fa6be2ec3711f0a72ddf7a5b2f34a6b4f515f33767d6207b7d4b3.js?body=1" for ::1 at 2015-12-31 14:36:06 -0600


Started PUT "/posts/2" for ::1 at 2015-12-31 14:36:10 -0600
Processing by PostsController#update as HTML
  Parameters: {"utf8"=>"✓", "authenticity_token"=>"XxmIFMQNrXWcCiTgkw/3fINB41MuVmKL2mIEQ5oNMaRviawj3xhhTYJa1MeevaKSVAZTOA/M1lWRlag2J5FmQQ==", "title"=>"Rails Introduction vvv", "description"=>"asdfasdf", "commit"=>"Submit Post", "id"=>"2"}
  [1m[35mPost Load (0.1ms)[0m  SELECT  "posts".* FROM "posts" WHERE "posts"."id" = ? LIMIT 1  [["id", 2]]
  [1m[36m (0.0ms)[0m  [1mbegin transaction[0m
  [1m[35m (0.0ms)[0m  rollback transaction
Completed 500 Internal Server Error in 2ms (ActiveRecord: 0.1ms)

ActiveModel::ForbiddenAttributesError (ActiveModel::ForbiddenAttributesError):
  app/controllers/posts_controller.rb:28:in `update'


  Rendered /Users/admin/.rvm/gems/ruby-2.1.2/gems/actionpack-4.2.5/lib/action_dispatch/middleware/templates/rescues/_source.erb (3.1ms)
  Rendered /Users/admin/.rvm/gems/ruby-2.1.2/gems/actionpack-4.2.5/lib/action_dispatch/middleware/templates/rescues/_trace.html.erb (1.6ms)
  Rendered /Users/admin/.rvm/gems/ruby-2.1.2/gems/actionpack-4.2.5/lib/action_dispatch/middleware/templates/rescues/_request_and_response.html.erb (0.8ms)
  Rendered /Users/admin/.rvm/gems/ruby-2.1.2/gems/actionpack-4.2.5/lib/action_dispatch/middleware/templates/rescues/diagnostics.html.erb within rescues/layout (13.6ms)
  Rendered /Users/admin/.rvm/gems/ruby-2.1.2/gems/web-console-2.2.1/lib/web_console/templates/_markup.html.erb (0.3ms)
  Rendered /Users/admin/.rvm/gems/ruby-2.1.2/gems/web-console-2.2.1/lib/web_console/templates/_inner_console_markup.html.erb within layouts/inlined_string (0.3ms)
  Rendered /Users/admin/.rvm/gems/ruby-2.1.2/gems/web-console-2.2.1/lib/web_console/templates/_prompt_box_markup.html.erb within layouts/inlined_string (0.2ms)
  Rendered /Users/admin/.rvm/gems/ruby-2.1.2/gems/web-console-2.2.1/lib/web_console/templates/style.css.erb within layouts/inlined_string (0.3ms)
  Rendered /Users/admin/.rvm/gems/ruby-2.1.2/gems/web-console-2.2.1/lib/web_console/templates/console.js.erb within layouts/javascript (10.3ms)
  Rendered /Users/admin/.rvm/gems/ruby-2.1.2/gems/web-console-2.2.1/lib/web_console/templates/main.js.erb within layouts/javascript (0.2ms)
  Rendered /Users/admin/.rvm/gems/ruby-2.1.2/gems/web-console-2.2.1/lib/web_console/templates/error_page.js.erb within layouts/javascript (0.3ms)
  Rendered /Users/admin/.rvm/gems/ruby-2.1.2/gems/web-console-2.2.1/lib/web_console/templates/index.html.erb (55.6ms)


Started GET "/posts/2/edit" for ::1 at 2015-12-31 14:36:27 -0600
  [1m[36mActiveRecord::SchemaMigration Load (0.1ms)[0m  [1mSELECT "schema_migrations".* FROM "schema_migrations"[0m
Processing by PostsController#edit as HTML
  Parameters: {"id"=>"2"}
  [1m[35mPost Load (0.1ms)[0m  SELECT  "posts".* FROM "posts" WHERE "posts"."id" = ? LIMIT 1  [["id", 2]]
  Rendered posts/edit.html.erb within layouts/application (2.9ms)
Completed 200 OK in 220ms (Views: 191.4ms | ActiveRecord: 0.4ms)


Started GET "/assets/application.self-e80e8f2318043e8af94dddc2adad5a4f09739a8ebb323b3ab31cd71d45fd9113.css?body=1" for ::1 at 2015-12-31 14:36:27 -0600


Started GET "/assets/jquery_ujs.self-d456baa54c1fa6be2ec3711f0a72ddf7a5b2f34a6b4f515f33767d6207b7d4b3.js?body=1" for ::1 at 2015-12-31 14:36:27 -0600


Started GET "/assets/jquery.self-a714331225dda820228db323939889f149aec0127aeb06255646b616ba1ca419.js?body=1" for ::1 at 2015-12-31 14:36:27 -0600


Started GET "/assets/turbolinks.self-c37727e9bd6b2735da5c311aa83fead54ed0be6cc8bd9a65309e9c5abe2cbfff.js?body=1" for ::1 at 2015-12-31 14:36:27 -0600


Started GET "/assets/application.self-3b8dabdc891efe46b9a144b400ad69e37d7e5876bdc39dee783419a69d7ca819.js?body=1" for ::1 at 2015-12-31 14:36:27 -0600


Started PUT "/posts/2" for ::1 at 2015-12-31 14:36:31 -0600
Processing by PostsController#update as HTML
  Parameters: {"utf8"=>"✓", "authenticity_token"=>"g8UnYfVKZAuOBRGc/H+iUVUWiYLMTnNmt8KIbSq6Q1CzVQNW7l+oM5BV4bvxzfe/glE56e3Ux7j8NSQYlyYUtQ==", "title"=>"Rails Introduction bbb", "description"=>"asdfasdf", "commit"=>"Submit Post", "id"=>"2"}
  [1m[36mPost Load (0.1ms)[0m  [1mSELECT  "posts".* FROM "posts" WHERE "posts"."id" = ? LIMIT 1[0m  [["id", 2]]
  [1m[35m (0.1ms)[0m  begin transaction
  [1m[36m (0.0ms)[0m  [1mrollback transaction[0m
Completed 500 Internal Server Error in 2ms (ActiveRecord: 0.2ms)

ActiveRecord::UnknownAttributeError (unknown attribute 'utf8' for Post.):
  app/controllers/posts_controller.rb:28:in `update'


  Rendered /Users/admin/.rvm/gems/ruby-2.1.2/gems/actionpack-4.2.5/lib/action_dispatch/middleware/templates/rescues/_source.erb (3.2ms)
  Rendered /Users/admin/.rvm/gems/ruby-2.1.2/gems/actionpack-4.2.5/lib/action_dispatch/middleware/templates/rescues/_trace.html.erb (1.6ms)
  Rendered /Users/admin/.rvm/gems/ruby-2.1.2/gems/actionpack-4.2.5/lib/action_dispatch/middleware/templates/rescues/_request_and_response.html.erb (0.8ms)
  Rendered /Users/admin/.rvm/gems/ruby-2.1.2/gems/actionpack-4.2.5/lib/action_dispatch/middleware/templates/rescues/diagnostics.html.erb within rescues/layout (16.9ms)
  Rendered /Users/admin/.rvm/gems/ruby-2.1.2/gems/web-console-2.2.1/lib/web_console/templates/_markup.html.erb (0.3ms)
  Rendered /Users/admin/.rvm/gems/ruby-2.1.2/gems/web-console-2.2.1/lib/web_console/templates/_inner_console_markup.html.erb within layouts/inlined_string (0.3ms)
  Rendered /Users/admin/.rvm/gems/ruby-2.1.2/gems/web-console-2.2.1/lib/web_console/templates/_prompt_box_markup.html.erb within layouts/inlined_string (0.2ms)
  Rendered /Users/admin/.rvm/gems/ruby-2.1.2/gems/web-console-2.2.1/lib/web_console/templates/style.css.erb within layouts/inlined_string (0.3ms)
  Rendered /Users/admin/.rvm/gems/ruby-2.1.2/gems/web-console-2.2.1/lib/web_console/templates/console.js.erb within layouts/javascript (17.5ms)
  Rendered /Users/admin/.rvm/gems/ruby-2.1.2/gems/web-console-2.2.1/lib/web_console/templates/main.js.erb within layouts/javascript (0.2ms)
  Rendered /Users/admin/.rvm/gems/ruby-2.1.2/gems/web-console-2.2.1/lib/web_console/templates/error_page.js.erb within layouts/javascript (61.6ms)
  Rendered /Users/admin/.rvm/gems/ruby-2.1.2/gems/web-console-2.2.1/lib/web_console/templates/index.html.erb (98.8ms)


Started PUT "/posts/2" for ::1 at 2015-12-31 14:38:13 -0600
Processing by PostsController#update as HTML
  Parameters: {"utf8"=>"✓", "authenticity_token"=>"g8UnYfVKZAuOBRGc/H+iUVUWiYLMTnNmt8KIbSq6Q1CzVQNW7l+oM5BV4bvxzfe/glE56e3Ux7j8NSQYlyYUtQ==", "title"=>"Rails Introduction bbb", "description"=>"asdfasdf", "commit"=>"Submit Post", "id"=>"2"}
  [1m[35mPost Load (0.1ms)[0m  SELECT  "posts".* FROM "posts" WHERE "posts"."id" = ? LIMIT 1  [["id", 2]]
  [1m[36m (0.0ms)[0m  [1mbegin transaction[0m
  [1m[35mSQL (0.7ms)[0m  UPDATE "posts" SET "title" = ?, "updated_at" = ? WHERE "posts"."id" = ?  [["title", "Rails Introduction bbb"], ["updated_at", "2015-12-31 20:38:13.663718"], ["id", 2]]
  [1m[36m (2.2ms)[0m  [1mcommit transaction[0m
Redirected to http://localhost:3000/posts/2
Completed 302 Found in 13ms (ActiveRecord: 3.3ms)


Started GET "/posts/2" for ::1 at 2015-12-31 14:38:13 -0600
Processing by PostsController#show as HTML
  Parameters: {"id"=>"2"}
  [1m[35mPost Load (0.1ms)[0m  SELECT  "posts".* FROM "posts" WHERE "posts"."id" = ? LIMIT 1  [["id", 2]]
  Rendered posts/show.html.erb within layouts/application (0.4ms)
Completed 200 OK in 12ms (Views: 10.6ms | ActiveRecord: 0.1ms)


Started GET "/assets/application.self-e80e8f2318043e8af94dddc2adad5a4f09739a8ebb323b3ab31cd71d45fd9113.css?body=1" for ::1 at 2015-12-31 14:38:13 -0600


Started GET "/assets/turbolinks.self-c37727e9bd6b2735da5c311aa83fead54ed0be6cc8bd9a65309e9c5abe2cbfff.js?body=1" for ::1 at 2015-12-31 14:38:13 -0600


Started GET "/assets/jquery.self-a714331225dda820228db323939889f149aec0127aeb06255646b616ba1ca419.js?body=1" for ::1 at 2015-12-31 14:38:13 -0600


Started GET "/assets/jquery_ujs.self-d456baa54c1fa6be2ec3711f0a72ddf7a5b2f34a6b4f515f33767d6207b7d4b3.js?body=1" for ::1 at 2015-12-31 14:38:13 -0600


Started GET "/assets/application.self-3b8dabdc891efe46b9a144b400ad69e37d7e5876bdc39dee783419a69d7ca819.js?body=1" for ::1 at 2015-12-31 14:38:13 -0600


Started GET "/post/6/edit" for ::1 at 2018-06-11 18:02:31 -0400
  [1m[36mActiveRecord::SchemaMigration Load (0.1ms)[0m  [1mSELECT "schema_migrations".* FROM "schema_migrations"[0m

ActionController::RoutingError (No route matches [GET] "/post/6/edit"):
  actionpack (4.2.10) lib/action_dispatch/middleware/debug_exceptions.rb:21:in `call'
  actionpack (4.2.10) lib/action_dispatch/middleware/show_exceptions.rb:30:in `call'
  railties (4.2.10) lib/rails/rack/logger.rb:38:in `call_app'
  railties (4.2.10) lib/rails/rack/logger.rb:20:in `block in call'
  activesupport (4.2.10) lib/active_support/tagged_logging.rb:68:in `block in tagged'
  activesupport (4.2.10) lib/active_support/tagged_logging.rb:26:in `tagged'
  activesupport (4.2.10) lib/active_support/tagged_logging.rb:68:in `tagged'
  railties (4.2.10) lib/rails/rack/logger.rb:20:in `call'
  actionpack (4.2.10) lib/action_dispatch/middleware/request_id.rb:21:in `call'
  rack (1.6.10) lib/rack/methodoverride.rb:22:in `call'
  rack (1.6.10) lib/rack/runtime.rb:18:in `call'
  activesupport (4.2.10) lib/active_support/cache/strategy/local_cache_middleware.rb:28:in `call'
  rack (1.6.10) lib/rack/lock.rb:17:in `call'
  actionpack (4.2.10) lib/action_dispatch/middleware/static.rb:120:in `call'
  rack (1.6.10) lib/rack/sendfile.rb:113:in `call'
  railties (4.2.10) lib/rails/engine.rb:518:in `call'
  railties (4.2.10) lib/rails/application.rb:165:in `call'
  rack (1.6.10) lib/rack/lock.rb:17:in `call'
  rack (1.6.10) lib/rack/content_length.rb:15:in `call'
  rack (1.6.10) lib/rack/handler/webrick.rb:88:in `service'
  /Users/MichaelBallard/.rvm/rubies/ruby-2.4.1/lib/ruby/2.4.0/webrick/httpserver.rb:140:in `service'
  /Users/MichaelBallard/.rvm/rubies/ruby-2.4.1/lib/ruby/2.4.0/webrick/httpserver.rb:96:in `run'
  /Users/MichaelBallard/.rvm/rubies/ruby-2.4.1/lib/ruby/2.4.0/webrick/server.rb:290:in `block in start_thread'


  Rendered /Users/MichaelBallard/.rvm/gems/ruby-2.4.1/gems/actionpack-4.2.10/lib/action_dispatch/middleware/templates/rescues/_trace.html.erb (1.4ms)
  Rendered /Users/MichaelBallard/.rvm/gems/ruby-2.4.1/gems/actionpack-4.2.10/lib/action_dispatch/middleware/templates/routes/_route.html.erb (11.6ms)
  Rendered /Users/MichaelBallard/.rvm/gems/ruby-2.4.1/gems/actionpack-4.2.10/lib/action_dispatch/middleware/templates/routes/_table.html.erb (15.3ms)
  Rendered /Users/MichaelBallard/.rvm/gems/ruby-2.4.1/gems/actionpack-4.2.10/lib/action_dispatch/middleware/templates/rescues/_request_and_response.html.erb (19.9ms)
  Rendered /Users/MichaelBallard/.rvm/gems/ruby-2.4.1/gems/actionpack-4.2.10/lib/action_dispatch/middleware/templates/rescues/routing_error.html.erb within rescues/layout (264.6ms)


Started GET "/post/new" for ::1 at 2018-06-11 18:02:39 -0400

ActionController::RoutingError (No route matches [GET] "/post/new"):
  actionpack (4.2.10) lib/action_dispatch/middleware/debug_exceptions.rb:21:in `call'
  actionpack (4.2.10) lib/action_dispatch/middleware/show_exceptions.rb:30:in `call'
  railties (4.2.10) lib/rails/rack/logger.rb:38:in `call_app'
  railties (4.2.10) lib/rails/rack/logger.rb:20:in `block in call'
  activesupport (4.2.10) lib/active_support/tagged_logging.rb:68:in `block in tagged'
  activesupport (4.2.10) lib/active_support/tagged_logging.rb:26:in `tagged'
  activesupport (4.2.10) lib/active_support/tagged_logging.rb:68:in `tagged'
  railties (4.2.10) lib/rails/rack/logger.rb:20:in `call'
  actionpack (4.2.10) lib/action_dispatch/middleware/request_id.rb:21:in `call'
  rack (1.6.10) lib/rack/methodoverride.rb:22:in `call'
  rack (1.6.10) lib/rack/runtime.rb:18:in `call'
  activesupport (4.2.10) lib/active_support/cache/strategy/local_cache_middleware.rb:28:in `call'
  rack (1.6.10) lib/rack/lock.rb:17:in `call'
  actionpack (4.2.10) lib/action_dispatch/middleware/static.rb:120:in `call'
  rack (1.6.10) lib/rack/sendfile.rb:113:in `call'
  railties (4.2.10) lib/rails/engine.rb:518:in `call'
  railties (4.2.10) lib/rails/application.rb:165:in `call'
  rack (1.6.10) lib/rack/lock.rb:17:in `call'
  rack (1.6.10) lib/rack/content_length.rb:15:in `call'
  rack (1.6.10) lib/rack/handler/webrick.rb:88:in `service'
  /Users/MichaelBallard/.rvm/rubies/ruby-2.4.1/lib/ruby/2.4.0/webrick/httpserver.rb:140:in `service'
  /Users/MichaelBallard/.rvm/rubies/ruby-2.4.1/lib/ruby/2.4.0/webrick/httpserver.rb:96:in `run'
  /Users/MichaelBallard/.rvm/rubies/ruby-2.4.1/lib/ruby/2.4.0/webrick/server.rb:290:in `block in start_thread'


  Rendered /Users/MichaelBallard/.rvm/gems/ruby-2.4.1/gems/actionpack-4.2.10/lib/action_dispatch/middleware/templates/rescues/_trace.html.erb (1.2ms)
  Rendered /Users/MichaelBallard/.rvm/gems/ruby-2.4.1/gems/actionpack-4.2.10/lib/action_dispatch/middleware/templates/routes/_route.html.erb (0.6ms)
  Rendered /Users/MichaelBallard/.rvm/gems/ruby-2.4.1/gems/actionpack-4.2.10/lib/action_dispatch/middleware/templates/routes/_table.html.erb (1.0ms)
  Rendered /Users/MichaelBallard/.rvm/gems/ruby-2.4.1/gems/actionpack-4.2.10/lib/action_dispatch/middleware/templates/rescues/_request_and_response.html.erb (0.9ms)
  Rendered /Users/MichaelBallard/.rvm/gems/ruby-2.4.1/gems/actionpack-4.2.10/lib/action_dispatch/middleware/templates/rescues/routing_error.html.erb within rescues/layout (108.7ms)


Started GET "/post/new" for ::1 at 2018-06-11 18:02:42 -0400

ActionController::RoutingError (No route matches [GET] "/post/new"):
  actionpack (4.2.10) lib/action_dispatch/middleware/debug_exceptions.rb:21:in `call'
  actionpack (4.2.10) lib/action_dispatch/middleware/show_exceptions.rb:30:in `call'
  railties (4.2.10) lib/rails/rack/logger.rb:38:in `call_app'
  railties (4.2.10) lib/rails/rack/logger.rb:20:in `block in call'
  activesupport (4.2.10) lib/active_support/tagged_logging.rb:68:in `block in tagged'
  activesupport (4.2.10) lib/active_support/tagged_logging.rb:26:in `tagged'
  activesupport (4.2.10) lib/active_support/tagged_logging.rb:68:in `tagged'
  railties (4.2.10) lib/rails/rack/logger.rb:20:in `call'
  actionpack (4.2.10) lib/action_dispatch/middleware/request_id.rb:21:in `call'
  rack (1.6.10) lib/rack/methodoverride.rb:22:in `call'
  rack (1.6.10) lib/rack/runtime.rb:18:in `call'
  activesupport (4.2.10) lib/active_support/cache/strategy/local_cache_middleware.rb:28:in `call'
  rack (1.6.10) lib/rack/lock.rb:17:in `call'
  actionpack (4.2.10) lib/action_dispatch/middleware/static.rb:120:in `call'
  rack (1.6.10) lib/rack/sendfile.rb:113:in `call'
  railties (4.2.10) lib/rails/engine.rb:518:in `call'
  railties (4.2.10) lib/rails/application.rb:165:in `call'
  rack (1.6.10) lib/rack/lock.rb:17:in `call'
  rack (1.6.10) lib/rack/content_length.rb:15:in `call'
  rack (1.6.10) lib/rack/handler/webrick.rb:88:in `service'
  /Users/MichaelBallard/.rvm/rubies/ruby-2.4.1/lib/ruby/2.4.0/webrick/httpserver.rb:140:in `service'
  /Users/MichaelBallard/.rvm/rubies/ruby-2.4.1/lib/ruby/2.4.0/webrick/httpserver.rb:96:in `run'
  /Users/MichaelBallard/.rvm/rubies/ruby-2.4.1/lib/ruby/2.4.0/webrick/server.rb:290:in `block in start_thread'


  Rendered /Users/MichaelBallard/.rvm/gems/ruby-2.4.1/gems/actionpack-4.2.10/lib/action_dispatch/middleware/templates/rescues/_trace.html.erb (1.5ms)
  Rendered /Users/MichaelBallard/.rvm/gems/ruby-2.4.1/gems/actionpack-4.2.10/lib/action_dispatch/middleware/templates/routes/_route.html.erb (0.6ms)
  Rendered /Users/MichaelBallard/.rvm/gems/ruby-2.4.1/gems/actionpack-4.2.10/lib/action_dispatch/middleware/templates/routes/_table.html.erb (1.0ms)
  Rendered /Users/MichaelBallard/.rvm/gems/ruby-2.4.1/gems/actionpack-4.2.10/lib/action_dispatch/middleware/templates/rescues/_request_and_response.html.erb (1.2ms)
  Rendered /Users/MichaelBallard/.rvm/gems/ruby-2.4.1/gems/actionpack-4.2.10/lib/action_dispatch/middleware/templates/rescues/routing_error.html.erb within rescues/layout (107.2ms)


Started GET "/posts/new" for ::1 at 2018-06-11 18:02:45 -0400
Processing by PostsController#new as HTML
  Rendered posts/new.html.erb within layouts/application (0.8ms)
Completed 200 OK in 368ms (Views: 362.6ms | ActiveRecord: 0.5ms)


Started POST "/posts" for ::1 at 2018-06-11 18:02:58 -0400
Processing by PostsController#create as HTML
  Parameters: {"utf8"=>"✓", "authenticity_token"=>"kWsSzJZ6cft95JnsDpUblEVUr6pBR7W9WfpAIcZf1avGHaROWQuKCwvDn6QiU6w3ta4KRPNLBD9AavHUpNTEMw==", "title"=>"my blog", "description"=>"This is a new blog", "commit"=>"Submit Post"}
  [1m[35m (0.1ms)[0m  begin transaction
  [1m[36mSQL (0.6ms)[0m  [1mINSERT INTO "posts" ("title", "description", "created_at", "updated_at") VALUES (?, ?, ?, ?)[0m  [["title", "my blog"], ["description", "This is a new blog"], ["created_at", "2018-06-11 22:02:58.560142"], ["updated_at", "2018-06-11 22:02:58.560142"]]
  [1m[35m (1.0ms)[0m  commit transaction
Redirected to http://localhost:3000/posts/3
Completed 302 Found in 8ms (ActiveRecord: 1.6ms)


Started GET "/posts/3" for ::1 at 2018-06-11 18:02:58 -0400
Processing by PostsController#show as HTML
  Parameters: {"id"=>"3"}
  [1m[36mPost Load (0.2ms)[0m  [1mSELECT  "posts".* FROM "posts" WHERE "posts"."id" = ? LIMIT 1[0m  [["id", 3]]
  Rendered posts/show.html.erb within layouts/application (0.4ms)
Completed 200 OK in 25ms (Views: 16.4ms | ActiveRecord: 0.2ms)


Started GET "/posts/3/edit" for ::1 at 2018-06-11 18:03:04 -0400

ActionController::RoutingError (No route matches [GET] "/posts/3/edit"):
  actionpack (4.2.10) lib/action_dispatch/middleware/debug_exceptions.rb:21:in `call'
  actionpack (4.2.10) lib/action_dispatch/middleware/show_exceptions.rb:30:in `call'
  railties (4.2.10) lib/rails/rack/logger.rb:38:in `call_app'
  railties (4.2.10) lib/rails/rack/logger.rb:20:in `block in call'
  activesupport (4.2.10) lib/active_support/tagged_logging.rb:68:in `block in tagged'
  activesupport (4.2.10) lib/active_support/tagged_logging.rb:26:in `tagged'
  activesupport (4.2.10) lib/active_support/tagged_logging.rb:68:in `tagged'
  railties (4.2.10) lib/rails/rack/logger.rb:20:in `call'
  actionpack (4.2.10) lib/action_dispatch/middleware/request_id.rb:21:in `call'
  rack (1.6.10) lib/rack/methodoverride.rb:22:in `call'
  rack (1.6.10) lib/rack/runtime.rb:18:in `call'
  activesupport (4.2.10) lib/active_support/cache/strategy/local_cache_middleware.rb:28:in `call'
  rack (1.6.10) lib/rack/lock.rb:17:in `call'
  actionpack (4.2.10) lib/action_dispatch/middleware/static.rb:120:in `call'
  rack (1.6.10) lib/rack/sendfile.rb:113:in `call'
  railties (4.2.10) lib/rails/engine.rb:518:in `call'
  railties (4.2.10) lib/rails/application.rb:165:in `call'
  rack (1.6.10) lib/rack/lock.rb:17:in `call'
  rack (1.6.10) lib/rack/content_length.rb:15:in `call'
  rack (1.6.10) lib/rack/handler/webrick.rb:88:in `service'
  /Users/MichaelBallard/.rvm/rubies/ruby-2.4.1/lib/ruby/2.4.0/webrick/httpserver.rb:140:in `service'
  /Users/MichaelBallard/.rvm/rubies/ruby-2.4.1/lib/ruby/2.4.0/webrick/httpserver.rb:96:in `run'
  /Users/MichaelBallard/.rvm/rubies/ruby-2.4.1/lib/ruby/2.4.0/webrick/server.rb:290:in `block in start_thread'


  Rendered /Users/MichaelBallard/.rvm/gems/ruby-2.4.1/gems/actionpack-4.2.10/lib/action_dispatch/middleware/templates/rescues/_trace.html.erb (1.4ms)
  Rendered /Users/MichaelBallard/.rvm/gems/ruby-2.4.1/gems/actionpack-4.2.10/lib/action_dispatch/middleware/templates/routes/_route.html.erb (0.8ms)
  Rendered /Users/MichaelBallard/.rvm/gems/ruby-2.4.1/gems/actionpack-4.2.10/lib/action_dispatch/middleware/templates/routes/_table.html.erb (1.1ms)
  Rendered /Users/MichaelBallard/.rvm/gems/ruby-2.4.1/gems/actionpack-4.2.10/lib/action_dispatch/middleware/templates/rescues/_request_and_response.html.erb (1.4ms)
  Rendered /Users/MichaelBallard/.rvm/gems/ruby-2.4.1/gems/actionpack-4.2.10/lib/action_dispatch/middleware/templates/rescues/routing_error.html.erb within rescues/layout (103.5ms)


Started GET "/post/3/edit" for ::1 at 2018-06-11 18:03:15 -0400

ActionController::RoutingError (No route matches [GET] "/post/3/edit"):
  actionpack (4.2.10) lib/action_dispatch/middleware/debug_exceptions.rb:21:in `call'
  actionpack (4.2.10) lib/action_dispatch/middleware/show_exceptions.rb:30:in `call'
  railties (4.2.10) lib/rails/rack/logger.rb:38:in `call_app'
  railties (4.2.10) lib/rails/rack/logger.rb:20:in `block in call'
  activesupport (4.2.10) lib/active_support/tagged_logging.rb:68:in `block in tagged'
  activesupport (4.2.10) lib/active_support/tagged_logging.rb:26:in `tagged'
  activesupport (4.2.10) lib/active_support/tagged_logging.rb:68:in `tagged'
  railties (4.2.10) lib/rails/rack/logger.rb:20:in `call'
  actionpack (4.2.10) lib/action_dispatch/middleware/request_id.rb:21:in `call'
  rack (1.6.10) lib/rack/methodoverride.rb:22:in `call'
  rack (1.6.10) lib/rack/runtime.rb:18:in `call'
  activesupport (4.2.10) lib/active_support/cache/strategy/local_cache_middleware.rb:28:in `call'
  rack (1.6.10) lib/rack/lock.rb:17:in `call'
  actionpack (4.2.10) lib/action_dispatch/middleware/static.rb:120:in `call'
  rack (1.6.10) lib/rack/sendfile.rb:113:in `call'
  railties (4.2.10) lib/rails/engine.rb:518:in `call'
  railties (4.2.10) lib/rails/application.rb:165:in `call'
  rack (1.6.10) lib/rack/lock.rb:17:in `call'
  rack (1.6.10) lib/rack/content_length.rb:15:in `call'
  rack (1.6.10) lib/rack/handler/webrick.rb:88:in `service'
  /Users/MichaelBallard/.rvm/rubies/ruby-2.4.1/lib/ruby/2.4.0/webrick/httpserver.rb:140:in `service'
  /Users/MichaelBallard/.rvm/rubies/ruby-2.4.1/lib/ruby/2.4.0/webrick/httpserver.rb:96:in `run'
  /Users/MichaelBallard/.rvm/rubies/ruby-2.4.1/lib/ruby/2.4.0/webrick/server.rb:290:in `block in start_thread'


  Rendered /Users/MichaelBallard/.rvm/gems/ruby-2.4.1/gems/actionpack-4.2.10/lib/action_dispatch/middleware/templates/rescues/_trace.html.erb (1.2ms)
  Rendered /Users/MichaelBallard/.rvm/gems/ruby-2.4.1/gems/actionpack-4.2.10/lib/action_dispatch/middleware/templates/routes/_route.html.erb (0.7ms)
  Rendered /Users/MichaelBallard/.rvm/gems/ruby-2.4.1/gems/actionpack-4.2.10/lib/action_dispatch/middleware/templates/routes/_table.html.erb (1.2ms)
  Rendered /Users/MichaelBallard/.rvm/gems/ruby-2.4.1/gems/actionpack-4.2.10/lib/action_dispatch/middleware/templates/rescues/_request_and_response.html.erb (1.0ms)
  Rendered /Users/MichaelBallard/.rvm/gems/ruby-2.4.1/gems/actionpack-4.2.10/lib/action_dispatch/middleware/templates/rescues/routing_error.html.erb within rescues/layout (103.5ms)


Started GET "/post/3/edit" for ::1 at 2018-06-11 18:03:17 -0400

ActionController::RoutingError (No route matches [GET] "/post/3/edit"):
  actionpack (4.2.10) lib/action_dispatch/middleware/debug_exceptions.rb:21:in `call'
  actionpack (4.2.10) lib/action_dispatch/middleware/show_exceptions.rb:30:in `call'
  railties (4.2.10) lib/rails/rack/logger.rb:38:in `call_app'
  railties (4.2.10) lib/rails/rack/logger.rb:20:in `block in call'
  activesupport (4.2.10) lib/active_support/tagged_logging.rb:68:in `block in tagged'
  activesupport (4.2.10) lib/active_support/tagged_logging.rb:26:in `tagged'
  activesupport (4.2.10) lib/active_support/tagged_logging.rb:68:in `tagged'
  railties (4.2.10) lib/rails/rack/logger.rb:20:in `call'
  actionpack (4.2.10) lib/action_dispatch/middleware/request_id.rb:21:in `call'
  rack (1.6.10) lib/rack/methodoverride.rb:22:in `call'
  rack (1.6.10) lib/rack/runtime.rb:18:in `call'
  activesupport (4.2.10) lib/active_support/cache/strategy/local_cache_middleware.rb:28:in `call'
  rack (1.6.10) lib/rack/lock.rb:17:in `call'
  actionpack (4.2.10) lib/action_dispatch/middleware/static.rb:120:in `call'
  rack (1.6.10) lib/rack/sendfile.rb:113:in `call'
  railties (4.2.10) lib/rails/engine.rb:518:in `call'
  railties (4.2.10) lib/rails/application.rb:165:in `call'
  rack (1.6.10) lib/rack/lock.rb:17:in `call'
  rack (1.6.10) lib/rack/content_length.rb:15:in `call'
  rack (1.6.10) lib/rack/handler/webrick.rb:88:in `service'
  /Users/MichaelBallard/.rvm/rubies/ruby-2.4.1/lib/ruby/2.4.0/webrick/httpserver.rb:140:in `service'
  /Users/MichaelBallard/.rvm/rubies/ruby-2.4.1/lib/ruby/2.4.0/webrick/httpserver.rb:96:in `run'
  /Users/MichaelBallard/.rvm/rubies/ruby-2.4.1/lib/ruby/2.4.0/webrick/server.rb:290:in `block in start_thread'


  Rendered /Users/MichaelBallard/.rvm/gems/ruby-2.4.1/gems/actionpack-4.2.10/lib/action_dispatch/middleware/templates/rescues/_trace.html.erb (1.1ms)
  Rendered /Users/MichaelBallard/.rvm/gems/ruby-2.4.1/gems/actionpack-4.2.10/lib/action_dispatch/middleware/templates/routes/_route.html.erb (0.7ms)
  Rendered /Users/MichaelBallard/.rvm/gems/ruby-2.4.1/gems/actionpack-4.2.10/lib/action_dispatch/middleware/templates/routes/_table.html.erb (1.0ms)
  Rendered /Users/MichaelBallard/.rvm/gems/ruby-2.4.1/gems/actionpack-4.2.10/lib/action_dispatch/middleware/templates/rescues/_request_and_response.html.erb (1.0ms)
  Rendered /Users/MichaelBallard/.rvm/gems/ruby-2.4.1/gems/actionpack-4.2.10/lib/action_dispatch/middleware/templates/rescues/routing_error.html.erb within rescues/layout (103.1ms)


Started GET "/post/3/edit" for ::1 at 2018-06-11 18:04:09 -0400

ActionController::RoutingError (No route matches [GET] "/post/3/edit"):
  actionpack (4.2.10) lib/action_dispatch/middleware/debug_exceptions.rb:21:in `call'
  actionpack (4.2.10) lib/action_dispatch/middleware/show_exceptions.rb:30:in `call'
  railties (4.2.10) lib/rails/rack/logger.rb:38:in `call_app'
  railties (4.2.10) lib/rails/rack/logger.rb:20:in `block in call'
  activesupport (4.2.10) lib/active_support/tagged_logging.rb:68:in `block in tagged'
  activesupport (4.2.10) lib/active_support/tagged_logging.rb:26:in `tagged'
  activesupport (4.2.10) lib/active_support/tagged_logging.rb:68:in `tagged'
  railties (4.2.10) lib/rails/rack/logger.rb:20:in `call'
  actionpack (4.2.10) lib/action_dispatch/middleware/request_id.rb:21:in `call'
  rack (1.6.10) lib/rack/methodoverride.rb:22:in `call'
  rack (1.6.10) lib/rack/runtime.rb:18:in `call'
  activesupport (4.2.10) lib/active_support/cache/strategy/local_cache_middleware.rb:28:in `call'
  rack (1.6.10) lib/rack/lock.rb:17:in `call'
  actionpack (4.2.10) lib/action_dispatch/middleware/static.rb:120:in `call'
  rack (1.6.10) lib/rack/sendfile.rb:113:in `call'
  railties (4.2.10) lib/rails/engine.rb:518:in `call'
  railties (4.2.10) lib/rails/application.rb:165:in `call'
  rack (1.6.10) lib/rack/lock.rb:17:in `call'
  rack (1.6.10) lib/rack/content_length.rb:15:in `call'
  rack (1.6.10) lib/rack/handler/webrick.rb:88:in `service'
  /Users/MichaelBallard/.rvm/rubies/ruby-2.4.1/lib/ruby/2.4.0/webrick/httpserver.rb:140:in `service'
  /Users/MichaelBallard/.rvm/rubies/ruby-2.4.1/lib/ruby/2.4.0/webrick/httpserver.rb:96:in `run'
  /Users/MichaelBallard/.rvm/rubies/ruby-2.4.1/lib/ruby/2.4.0/webrick/server.rb:290:in `block in start_thread'


  Rendered /Users/MichaelBallard/.rvm/gems/ruby-2.4.1/gems/actionpack-4.2.10/lib/action_dispatch/middleware/templates/rescues/_trace.html.erb (1.2ms)
  Rendered /Users/MichaelBallard/.rvm/gems/ruby-2.4.1/gems/actionpack-4.2.10/lib/action_dispatch/middleware/templates/routes/_route.html.erb (0.7ms)
  Rendered /Users/MichaelBallard/.rvm/gems/ruby-2.4.1/gems/actionpack-4.2.10/lib/action_dispatch/middleware/templates/routes/_table.html.erb (1.1ms)
  Rendered /Users/MichaelBallard/.rvm/gems/ruby-2.4.1/gems/actionpack-4.2.10/lib/action_dispatch/middleware/templates/rescues/_request_and_response.html.erb (1.1ms)
  Rendered /Users/MichaelBallard/.rvm/gems/ruby-2.4.1/gems/actionpack-4.2.10/lib/action_dispatch/middleware/templates/rescues/routing_error.html.erb within rescues/layout (121.3ms)


Started GET "/post/3/edit" for ::1 at 2018-06-11 18:04:11 -0400

ActionController::RoutingError (No route matches [GET] "/post/3/edit"):
  actionpack (4.2.10) lib/action_dispatch/middleware/debug_exceptions.rb:21:in `call'
  actionpack (4.2.10) lib/action_dispatch/middleware/show_exceptions.rb:30:in `call'
  railties (4.2.10) lib/rails/rack/logger.rb:38:in `call_app'
  railties (4.2.10) lib/rails/rack/logger.rb:20:in `block in call'
  activesupport (4.2.10) lib/active_support/tagged_logging.rb:68:in `block in tagged'
  activesupport (4.2.10) lib/active_support/tagged_logging.rb:26:in `tagged'
  activesupport (4.2.10) lib/active_support/tagged_logging.rb:68:in `tagged'
  railties (4.2.10) lib/rails/rack/logger.rb:20:in `call'
  actionpack (4.2.10) lib/action_dispatch/middleware/request_id.rb:21:in `call'
  rack (1.6.10) lib/rack/methodoverride.rb:22:in `call'
  rack (1.6.10) lib/rack/runtime.rb:18:in `call'
  activesupport (4.2.10) lib/active_support/cache/strategy/local_cache_middleware.rb:28:in `call'
  rack (1.6.10) lib/rack/lock.rb:17:in `call'
  actionpack (4.2.10) lib/action_dispatch/middleware/static.rb:120:in `call'
  rack (1.6.10) lib/rack/sendfile.rb:113:in `call'
  railties (4.2.10) lib/rails/engine.rb:518:in `call'
  railties (4.2.10) lib/rails/application.rb:165:in `call'
  rack (1.6.10) lib/rack/lock.rb:17:in `call'
  rack (1.6.10) lib/rack/content_length.rb:15:in `call'
  rack (1.6.10) lib/rack/handler/webrick.rb:88:in `service'
  /Users/MichaelBallard/.rvm/rubies/ruby-2.4.1/lib/ruby/2.4.0/webrick/httpserver.rb:140:in `service'
  /Users/MichaelBallard/.rvm/rubies/ruby-2.4.1/lib/ruby/2.4.0/webrick/httpserver.rb:96:in `run'
  /Users/MichaelBallard/.rvm/rubies/ruby-2.4.1/lib/ruby/2.4.0/webrick/server.rb:290:in `block in start_thread'


  Rendered /Users/MichaelBallard/.rvm/gems/ruby-2.4.1/gems/actionpack-4.2.10/lib/action_dispatch/middleware/templates/rescues/_trace.html.erb (1.2ms)
  Rendered /Users/MichaelBallard/.rvm/gems/ruby-2.4.1/gems/actionpack-4.2.10/lib/action_dispatch/middleware/templates/routes/_route.html.erb (0.8ms)
  Rendered /Users/MichaelBallard/.rvm/gems/ruby-2.4.1/gems/actionpack-4.2.10/lib/action_dispatch/middleware/templates/routes/_table.html.erb (1.2ms)
  Rendered /Users/MichaelBallard/.rvm/gems/ruby-2.4.1/gems/actionpack-4.2.10/lib/action_dispatch/middleware/templates/rescues/_request_and_response.html.erb (1.0ms)
  Rendered /Users/MichaelBallard/.rvm/gems/ruby-2.4.1/gems/actionpack-4.2.10/lib/action_dispatch/middleware/templates/rescues/routing_error.html.erb within rescues/layout (103.6ms)


Started GET "/post/3/edit" for ::1 at 2018-06-11 18:04:12 -0400

ActionController::RoutingError (No route matches [GET] "/post/3/edit"):
  actionpack (4.2.10) lib/action_dispatch/middleware/debug_exceptions.rb:21:in `call'
  actionpack (4.2.10) lib/action_dispatch/middleware/show_exceptions.rb:30:in `call'
  railties (4.2.10) lib/rails/rack/logger.rb:38:in `call_app'
  railties (4.2.10) lib/rails/rack/logger.rb:20:in `block in call'
  activesupport (4.2.10) lib/active_support/tagged_logging.rb:68:in `block in tagged'
  activesupport (4.2.10) lib/active_support/tagged_logging.rb:26:in `tagged'
  activesupport (4.2.10) lib/active_support/tagged_logging.rb:68:in `tagged'
  railties (4.2.10) lib/rails/rack/logger.rb:20:in `call'
  actionpack (4.2.10) lib/action_dispatch/middleware/request_id.rb:21:in `call'
  rack (1.6.10) lib/rack/methodoverride.rb:22:in `call'
  rack (1.6.10) lib/rack/runtime.rb:18:in `call'
  activesupport (4.2.10) lib/active_support/cache/strategy/local_cache_middleware.rb:28:in `call'
  rack (1.6.10) lib/rack/lock.rb:17:in `call'
  actionpack (4.2.10) lib/action_dispatch/middleware/static.rb:120:in `call'
  rack (1.6.10) lib/rack/sendfile.rb:113:in `call'
  railties (4.2.10) lib/rails/engine.rb:518:in `call'
  railties (4.2.10) lib/rails/application.rb:165:in `call'
  rack (1.6.10) lib/rack/lock.rb:17:in `call'
  rack (1.6.10) lib/rack/content_length.rb:15:in `call'
  rack (1.6.10) lib/rack/handler/webrick.rb:88:in `service'
  /Users/MichaelBallard/.rvm/rubies/ruby-2.4.1/lib/ruby/2.4.0/webrick/httpserver.rb:140:in `service'
  /Users/MichaelBallard/.rvm/rubies/ruby-2.4.1/lib/ruby/2.4.0/webrick/httpserver.rb:96:in `run'
  /Users/MichaelBallard/.rvm/rubies/ruby-2.4.1/lib/ruby/2.4.0/webrick/server.rb:290:in `block in start_thread'


  Rendered /Users/MichaelBallard/.rvm/gems/ruby-2.4.1/gems/actionpack-4.2.10/lib/action_dispatch/middleware/templates/rescues/_trace.html.erb (1.0ms)
  Rendered /Users/MichaelBallard/.rvm/gems/ruby-2.4.1/gems/actionpack-4.2.10/lib/action_dispatch/middleware/templates/routes/_route.html.erb (1.1ms)
  Rendered /Users/MichaelBallard/.rvm/gems/ruby-2.4.1/gems/actionpack-4.2.10/lib/action_dispatch/middleware/templates/routes/_table.html.erb (1.0ms)
  Rendered /Users/MichaelBallard/.rvm/gems/ruby-2.4.1/gems/actionpack-4.2.10/lib/action_dispatch/middleware/templates/rescues/_request_and_response.html.erb (1.3ms)
  Rendered /Users/MichaelBallard/.rvm/gems/ruby-2.4.1/gems/actionpack-4.2.10/lib/action_dispatch/middleware/templates/rescues/routing_error.html.erb within rescues/layout (105.5ms)


Started GET "/posts/3" for ::1 at 2018-06-11 18:04:22 -0400
Processing by PostsController#show as HTML
  Parameters: {"id"=>"3"}
  [1m[35mPost Load (0.1ms)[0m  SELECT  "posts".* FROM "posts" WHERE "posts"."id" = ? LIMIT 1  [["id", 3]]
  Rendered posts/show.html.erb within layouts/application (0.1ms)
Completed 200 OK in 21ms (Views: 16.0ms | ActiveRecord: 0.5ms)


Started GET "/posts/3/edit" for ::1 at 2018-06-11 18:04:27 -0400
Processing by PostsController#edit as HTML
  Parameters: {"id"=>"3"}
  [1m[36mPost Load (0.1ms)[0m  [1mSELECT  "posts".* FROM "posts" WHERE "posts"."id" = ? LIMIT 1[0m  [["id", 3]]
  Rendered posts/edit.html.erb within layouts/application (1.0ms)
Completed 200 OK in 16ms (Views: 15.3ms | ActiveRecord: 0.1ms)


Started PUT "/posts/3" for ::1 at 2018-06-11 18:04:29 -0400
Processing by PostsController#update as HTML
  Parameters: {"utf8"=>"✓", "authenticity_token"=>"1/E0HnDzeQNsbmrneUf8R3MqWF3lKZYT4vZEFUL50XCAh4Kcv4KC8xpJbK9VgUvkg9D9s1clJ5H7ZvXgIHLA6A==", "title"=>"my blog", "description"=>"This is a new blog", "commit"=>"Submit Post", "id"=>"3"}
Completed 500 Internal Server Error in 1ms (ActiveRecord: 0.0ms)

RuntimeError ({"utf8"=>"✓", "_method"=>"put", "authenticity_token"=>"1/E0HnDzeQNsbmrneUf8R3MqWF3lKZYT4vZEFUL50XCAh4Kcv4KC8xpJbK9VgUvkg9D9s1clJ5H7ZvXgIHLA6A==", "title"=>"my blog", "description"=>"This is a new blog", "commit"=>"Submit Post", "controller"=>"posts", "action"=>"update", "id"=>"3"}):
  app/controllers/posts_controller.rb:27:in `update'


  Rendered /Users/MichaelBallard/.rvm/gems/ruby-2.4.1/gems/actionpack-4.2.10/lib/action_dispatch/middleware/templates/rescues/_source.erb (4.2ms)
  Rendered /Users/MichaelBallard/.rvm/gems/ruby-2.4.1/gems/actionpack-4.2.10/lib/action_dispatch/middleware/templates/rescues/_trace.html.erb (2.1ms)
  Rendered /Users/MichaelBallard/.rvm/gems/ruby-2.4.1/gems/actionpack-4.2.10/lib/action_dispatch/middleware/templates/rescues/_request_and_response.html.erb (0.8ms)
  Rendered /Users/MichaelBallard/.rvm/gems/ruby-2.4.1/gems/actionpack-4.2.10/lib/action_dispatch/middleware/templates/rescues/diagnostics.html.erb within rescues/layout (87.0ms)


Started PUT "/posts/3" for ::1 at 2018-06-11 18:11:06 -0400
  [1m[36mActiveRecord::SchemaMigration Load (0.2ms)[0m  [1mSELECT "schema_migrations".* FROM "schema_migrations"[0m
Processing by PostsController#update as HTML
  Parameters: {"utf8"=>"✓", "authenticity_token"=>"1/E0HnDzeQNsbmrneUf8R3MqWF3lKZYT4vZEFUL50XCAh4Kcv4KC8xpJbK9VgUvkg9D9s1clJ5H7ZvXgIHLA6A==", "title"=>"my blog", "description"=>"This is a new blog", "commit"=>"Submit Post", "id"=>"3"}
  [1m[35mPost Load (0.3ms)[0m  SELECT  "posts".* FROM "posts" WHERE "posts"."id" = ? LIMIT 1  [["id", 3]]
Completed 400 Bad Request in 35994ms (ActiveRecord: 0.6ms)

ActionController::ParameterMissing (param is missing or the value is empty: post):
  app/controllers/posts_controller.rb:43:in `set_params'
  app/controllers/posts_controller.rb:29:in `update'


  Rendered /Users/MichaelBallard/.rvm/gems/ruby-2.4.1/gems/actionpack-4.2.10/lib/action_dispatch/middleware/templates/rescues/_source.erb (4.4ms)
  Rendered /Users/MichaelBallard/.rvm/gems/ruby-2.4.1/gems/actionpack-4.2.10/lib/action_dispatch/middleware/templates/rescues/_trace.html.erb (2.0ms)
  Rendered /Users/MichaelBallard/.rvm/gems/ruby-2.4.1/gems/actionpack-4.2.10/lib/action_dispatch/middleware/templates/rescues/_request_and_response.html.erb (0.9ms)
  Rendered /Users/MichaelBallard/.rvm/gems/ruby-2.4.1/gems/actionpack-4.2.10/lib/action_dispatch/middleware/templates/rescues/diagnostics.html.erb within rescues/layout (87.0ms)


Started PUT "/posts/3" for ::1 at 2018-06-11 18:11:43 -0400
Processing by PostsController#update as HTML
  Parameters: {"utf8"=>"✓", "authenticity_token"=>"1/E0HnDzeQNsbmrneUf8R3MqWF3lKZYT4vZEFUL50XCAh4Kcv4KC8xpJbK9VgUvkg9D9s1clJ5H7ZvXgIHLA6A==", "title"=>"my blog", "description"=>"This is a new blog", "commit"=>"Submit Post", "id"=>"3"}
  [1m[36mPost Load (0.1ms)[0m  [1mSELECT  "posts".* FROM "posts" WHERE "posts"."id" = ? LIMIT 1[0m  [["id", 3]]
Completed 400 Bad Request in 5ms (ActiveRecord: 0.5ms)

ActionController::ParameterMissing (param is missing or the value is empty: post):
  app/controllers/posts_controller.rb:43:in `set_params'
  app/controllers/posts_controller.rb:29:in `update'


  Rendered /Users/MichaelBallard/.rvm/gems/ruby-2.4.1/gems/actionpack-4.2.10/lib/action_dispatch/middleware/templates/rescues/_source.erb (3.9ms)
  Rendered /Users/MichaelBallard/.rvm/gems/ruby-2.4.1/gems/actionpack-4.2.10/lib/action_dispatch/middleware/templates/rescues/_trace.html.erb (1.8ms)
  Rendered /Users/MichaelBallard/.rvm/gems/ruby-2.4.1/gems/actionpack-4.2.10/lib/action_dispatch/middleware/templates/rescues/_request_and_response.html.erb (0.8ms)
  Rendered /Users/MichaelBallard/.rvm/gems/ruby-2.4.1/gems/actionpack-4.2.10/lib/action_dispatch/middleware/templates/rescues/diagnostics.html.erb within rescues/layout (81.8ms)


Started GET "/posts/3/edit" for ::1 at 2018-06-11 18:11:56 -0400
  [1m[36mActiveRecord::SchemaMigration Load (0.1ms)[0m  [1mSELECT "schema_migrations".* FROM "schema_migrations"[0m
Processing by PostsController#edit as HTML
  Parameters: {"id"=>"3"}
  [1m[35mPost Load (0.2ms)[0m  SELECT  "posts".* FROM "posts" WHERE "posts"."id" = ? LIMIT 1  [["id", 3]]
  Rendered posts/edit.html.erb within layouts/application (6.8ms)
Completed 200 OK in 263ms (Views: 239.4ms | ActiveRecord: 0.5ms)


Started PUT "/posts/3" for ::1 at 2018-06-11 18:11:57 -0400
Processing by PostsController#update as HTML
  Parameters: {"utf8"=>"✓", "authenticity_token"=>"PtMXBHdWSzbI+91xolGCjMuP+1nISrk6Xb5++M0/LP5ppaGGuCewxr7c2zmOlzUvO3Vet3pGCLhELs8Nr7Q9Zg==", "title"=>"my blog", "description"=>"This is a new blog", "commit"=>"Submit Post", "id"=>"3"}
  [1m[36mPost Load (0.1ms)[0m  [1mSELECT  "posts".* FROM "posts" WHERE "posts"."id" = ? LIMIT 1[0m  [["id", 3]]
Completed 400 Bad Request in 1ms (ActiveRecord: 0.1ms)

ActionController::ParameterMissing (param is missing or the value is empty: post):
  app/controllers/posts_controller.rb:43:in `set_params'
  app/controllers/posts_controller.rb:29:in `update'


  Rendered /Users/MichaelBallard/.rvm/gems/ruby-2.4.1/gems/actionpack-4.2.10/lib/action_dispatch/middleware/templates/rescues/_source.erb (4.5ms)
  Rendered /Users/MichaelBallard/.rvm/gems/ruby-2.4.1/gems/actionpack-4.2.10/lib/action_dispatch/middleware/templates/rescues/_trace.html.erb (2.0ms)
  Rendered /Users/MichaelBallard/.rvm/gems/ruby-2.4.1/gems/actionpack-4.2.10/lib/action_dispatch/middleware/templates/rescues/_request_and_response.html.erb (0.8ms)
  Rendered /Users/MichaelBallard/.rvm/gems/ruby-2.4.1/gems/actionpack-4.2.10/lib/action_dispatch/middleware/templates/rescues/diagnostics.html.erb within rescues/layout (82.8ms)


Started PUT "/posts/3" for ::1 at 2018-06-11 18:12:15 -0400
Processing by PostsController#update as HTML
  Parameters: {"utf8"=>"✓", "authenticity_token"=>"PtMXBHdWSzbI+91xolGCjMuP+1nISrk6Xb5++M0/LP5ppaGGuCewxr7c2zmOlzUvO3Vet3pGCLhELs8Nr7Q9Zg==", "title"=>"my blog", "description"=>"This is a new blog", "commit"=>"Submit Post", "id"=>"3"}
  [1m[35mPost Load (0.1ms)[0m  SELECT  "posts".* FROM "posts" WHERE "posts"."id" = ? LIMIT 1  [["id", 3]]
Unpermitted parameters: utf8, _method, authenticity_token, commit, id
  [1m[36m (0.0ms)[0m  [1mbegin transaction[0m
  [1m[35m (0.1ms)[0m  commit transaction
Redirected to http://localhost:3000/posts/3
Completed 302 Found in 11ms (ActiveRecord: 0.7ms)


Started GET "/posts/3" for ::1 at 2018-06-11 18:12:15 -0400
Processing by PostsController#show as HTML
  Parameters: {"id"=>"3"}
  [1m[36mPost Load (0.1ms)[0m  [1mSELECT  "posts".* FROM "posts" WHERE "posts"."id" = ? LIMIT 1[0m  [["id", 3]]
  Rendered posts/show.html.erb within layouts/application (0.7ms)
Completed 200 OK in 26ms (Views: 25.5ms | ActiveRecord: 0.1ms)


Started GET "/posts/3/edit" for ::1 at 2018-06-11 18:12:21 -0400
Processing by PostsController#edit as HTML
  Parameters: {"id"=>"3"}
  [1m[35mPost Load (0.1ms)[0m  SELECT  "posts".* FROM "posts" WHERE "posts"."id" = ? LIMIT 1  [["id", 3]]
  Rendered posts/edit.html.erb within layouts/application (0.6ms)
Completed 200 OK in 15ms (Views: 13.9ms | ActiveRecord: 0.1ms)


Started PUT "/posts/3" for ::1 at 2018-06-11 18:12:22 -0400
Processing by PostsController#update as HTML
  Parameters: {"utf8"=>"✓", "authenticity_token"=>"AckgSxKqvVuiU3ZunXklCkJUs2NLm8SRa0DCbLhFcn1Wv5bJ3dtGq9R0cCaxv5Kpsq4WjfmXdRNy0HOZ2s5j5Q==", "title"=>"my blog", "description"=>"This is a new blog", "commit"=>"Submit Post", "id"=>"3"}
  [1m[36mPost Load (0.1ms)[0m  [1mSELECT  "posts".* FROM "posts" WHERE "posts"."id" = ? LIMIT 1[0m  [["id", 3]]
Unpermitted parameters: utf8, _method, authenticity_token, commit, id
  [1m[35m (0.1ms)[0m  begin transaction
  [1m[36m (0.1ms)[0m  [1mcommit transaction[0m
Redirected to http://localhost:3000/posts/3
Completed 302 Found in 3ms (ActiveRecord: 0.3ms)


Started GET "/posts/3" for ::1 at 2018-06-11 18:12:22 -0400
Processing by PostsController#show as HTML
  Parameters: {"id"=>"3"}
  [1m[35mPost Load (0.4ms)[0m  SELECT  "posts".* FROM "posts" WHERE "posts"."id" = ? LIMIT 1  [["id", 3]]
  Rendered posts/show.html.erb within layouts/application (0.1ms)
Completed 200 OK in 19ms (Views: 17.1ms | ActiveRecord: 0.4ms)


Started PUT "/posts/3" for ::1 at 2018-06-11 18:12:35 -0400
Processing by PostsController#update as HTML
  Parameters: {"utf8"=>"✓", "authenticity_token"=>"AckgSxKqvVuiU3ZunXklCkJUs2NLm8SRa0DCbLhFcn1Wv5bJ3dtGq9R0cCaxv5Kpsq4WjfmXdRNy0HOZ2s5j5Q==", "title"=>"my blog", "description"=>"This is a new blog updated", "commit"=>"Submit Post", "id"=>"3"}
  [1m[36mPost Load (0.1ms)[0m  [1mSELECT  "posts".* FROM "posts" WHERE "posts"."id" = ? LIMIT 1[0m  [["id", 3]]
Unpermitted parameters: utf8, _method, authenticity_token, commit, id
  [1m[35m (0.1ms)[0m  begin transaction
  [1m[36mSQL (0.7ms)[0m  [1mUPDATE "posts" SET "description" = ?, "updated_at" = ? WHERE "posts"."id" = ?[0m  [["description", "This is a new blog updated"], ["updated_at", "2018-06-11 22:12:35.259995"], ["id", 3]]
  [1m[35m (1.0ms)[0m  commit transaction
Redirected to http://localhost:3000/posts/3
Completed 302 Found in 6ms (ActiveRecord: 1.9ms)


Started GET "/posts/3" for ::1 at 2018-06-11 18:12:35 -0400
Processing by PostsController#show as HTML
  Parameters: {"id"=>"3"}
  [1m[36mPost Load (0.1ms)[0m  [1mSELECT  "posts".* FROM "posts" WHERE "posts"."id" = ? LIMIT 1[0m  [["id", 3]]
  Rendered posts/show.html.erb within layouts/application (0.2ms)
Completed 200 OK in 20ms (Views: 19.0ms | ActiveRecord: 0.1ms)
